<?xml version="1.0" encoding="UTF-8"?>
<!-- Generated by org.testng.reporters.JUnitReportReporter -->
<testsuite hostname="BOOK-CCH8R5HSNU" failures="0" tests="1" name="testCases.Cricbuzz" time="1.570" errors="0" timestamp="2024-01-08T20:48:39 GMT" skipped="0">
  <testcase classname="testCases.Cricbuzz" name="score" time="1.570"/>
</testsuite> <!-- testCases.Cricbuzz -->
