<?xml version="1.0" encoding="UTF-8"?>
<!-- Generated by org.testng.reporters.JUnitReportReporter -->
<testsuite hostname="BOOK-CCH8R5HSNU" failures="0" tests="1" name="testCases.TestLogin" time="5.095" errors="0" timestamp="2023-12-08T23:25:37 GMT" skipped="0">
  <testcase classname="testCases.TestLogin" name="login" time="5.095"/>
</testsuite> <!-- testCases.TestLogin -->
